followup_sequence.py (LIVE) — 2026-07-02 12:17 UTC
============================================================

Audit leads: 11

Cold-only leads: 0

============================================================
Due: 0  Sent: 0  delivered
followup_sequence.py (LIVE) — 2026-07-02 18:17 UTC
============================================================

Audit leads: 13

Cold-only leads: 0

============================================================
Due: 0  Sent: 0  delivered
followup_sequence.py (LIVE) — 2026-07-03 00:17 UTC
============================================================

Audit leads: 13

Cold-only leads: 0

============================================================
Due: 0  Sent: 0  delivered
followup_sequence.py (LIVE) — 2026-07-03 06:17 UTC
============================================================

Audit leads: 13

Cold-only leads: 0

============================================================
Due: 0  Sent: 0  delivered
followup_sequence.py (LIVE) — 2026-07-03 12:17 UTC
============================================================

Audit leads: 31

Cold-only leads: 0

============================================================
Due: 0  Sent: 0  delivered
followup_sequence.py (LIVE) — 2026-07-03 18:17 UTC
============================================================

Audit leads: 1

Cold-only leads: 0

HOT_LEAD pitch due: 0  Sent: 0

============================================================
Due: 0  Sent: 0  delivered
followup_sequence.py (LIVE) — 2026-07-04 00:17 UTC
============================================================

Audit leads: 1

Cold-only leads: 0

HOT_LEAD pitch due: 0  Sent: 0

============================================================
Due: 0  Sent: 0  delivered
followup_sequence.py (LIVE) — 2026-07-04 06:17 UTC
============================================================

Audit leads: 1

Cold-only leads: 0

HOT_LEAD pitch due: 0  Sent: 0

============================================================
Due: 0  Sent: 0  delivered
followup_sequence.py (LIVE) — 2026-07-04 12:17 UTC
============================================================

Audit leads: 1

Cold-only leads: 0

HOT_LEAD pitch due: 0  Sent: 0

============================================================
Due: 0  Sent: 0  delivered
followup_sequence.py (LIVE) — 2026-07-04 18:17 UTC
============================================================

Audit leads: 1

Cold-only leads: 0

HOT_LEAD pitch due: 0  Sent: 0

============================================================
Due: 0  Sent: 0  delivered
followup_sequence.py (LIVE) — 2026-07-05 00:17 UTC
============================================================

Audit leads: 3

Cold-only leads: 0

HOT_LEAD pitch due: 0  Sent: 0

============================================================
Due: 0  Sent: 0  delivered
followup_sequence.py (LIVE) — 2026-07-05 06:17 UTC
============================================================

Audit leads: 5

Cold-only leads: 0

HOT_LEAD pitch due: 0  Sent: 0

============================================================
Due: 0  Sent: 0  delivered
followup_sequence.py (LIVE) — 2026-07-05 12:17 UTC
============================================================

Audit leads: 8

Cold-only leads: 0
  [hot_lead_97_pitch] info@brookerlaw.com (www.brookerlaw.com)
  [SMTP RETRY 1] info@brookerlaw.com: (550, b'550 5.7.1 Access denied')
  [SMTP RETRY 2] info@brookerlaw.com: (550, b'550 5.7.1 Access denied')
  [SMTP FAILED] info@brookerlaw.com after 3 attempts: (550, b'550 5.7.1 Access denied')
  [BOUNCE] info@brookerlaw.com classified as hard
  [hot_lead_97_pitch] info@magnolia-club.org (magnolia-club.org)
  [SMTP RETRY 1] info@magnolia-club.org: (550, b'550 5.7.1 Access denied')
  [SMTP RETRY 2] info@magnolia-club.org: (550, b'550 5.7.1 Access denied')
  [SMTP FAILED] info@magnolia-club.org after 3 attempts: (550, b'550 5.7.1 Access denied')
  [BOUNCE] info@magnolia-club.org classified as hard
  [hot_lead_97_pitch] info@saputo.law (saputo.law)
  [SMTP RETRY 1] info@saputo.law: (550, b'550 5.7.1 Access denied')
  [SMTP RETRY 2] info@saputo.law: (550, b'550 5.7.1 Access denied')
  [SMTP FAILED] info@saputo.law after 3 attempts: (550, b'550 5.7.1 Access denied')
  [BOUNCE] info@saputo.law classified as hard

HOT_LEAD pitch due: 3  Sent: 0

============================================================
Due: 3  Sent: 0  delivered
followup_sequence.py (LIVE) — 2026-07-05 18:17 UTC
============================================================

Audit leads: 8

Cold-only leads: 0
  [hot_lead_97_pitch] info@brookerlaw.com (www.brookerlaw.com)
  [SMTP RETRY 1] info@brookerlaw.com: (550, b'550 5.7.1 Access denied')
  [SMTP RETRY 2] info@brookerlaw.com: (550, b'550 5.7.1 Access denied')
  [SMTP FAILED] info@brookerlaw.com after 3 attempts: (550, b'550 5.7.1 Access denied')
  [BOUNCE] info@brookerlaw.com classified as hard
  [hot_lead_97_pitch] info@magnolia-club.org (magnolia-club.org)
  [SMTP RETRY 1] info@magnolia-club.org: (550, b'550 5.7.1 Access denied')
  [SMTP RETRY 2] info@magnolia-club.org: (550, b'550 5.7.1 Access denied')
  [SMTP FAILED] info@magnolia-club.org after 3 attempts: (550, b'550 5.7.1 Access denied')
  [BOUNCE] info@magnolia-club.org classified as hard
  [hot_lead_97_pitch] info@saputo.law (saputo.law)
  [SMTP RETRY 1] info@saputo.law: (550, b'550 5.7.1 Access denied')
  [SMTP RETRY 2] info@saputo.law: (550, b'550 5.7.1 Access denied')
  [SMTP FAILED] info@saputo.law after 3 attempts: (550, b'550 5.7.1 Access denied')
  [BOUNCE] info@saputo.law classified as hard

HOT_LEAD pitch due: 3  Sent: 0

Revive candidates (contacted, no audit): 0

Recycle candidates (pitch_sent, no payment): 20

============================================================
Due: 3  Sent: 0  delivered
followup_sequence.py (LIVE) — 2026-07-06 00:17 UTC
============================================================

Audit leads: 3

Cold-only leads: 0
  [hot_lead_97_pitch] info@brookerlaw.com (www.brookerlaw.com)
  [SMTP RETRY 1] info@brookerlaw.com: (550, b'550 5.7.1 Access denied')
  [SMTP RETRY 2] info@brookerlaw.com: (550, b'550 5.7.1 Access denied')
  [SMTP FAILED] info@brookerlaw.com after 3 attempts: (550, b'550 5.7.1 Access denied')
  [BOUNCE] info@brookerlaw.com classified as hard
  [hot_lead_97_pitch] info@magnolia-club.org (magnolia-club.org)
  [SMTP RETRY 1] info@magnolia-club.org: (550, b'550 5.7.1 Access denied')
  [SMTP RETRY 2] info@magnolia-club.org: (550, b'550 5.7.1 Access denied')
  [SMTP FAILED] info@magnolia-club.org after 3 attempts: (550, b'550 5.7.1 Access denied')
  [BOUNCE] info@magnolia-club.org classified as hard
  [hot_lead_97_pitch] info@saputo.law (saputo.law)
  [SMTP RETRY 1] info@saputo.law: (550, b'550 5.7.1 Access denied')
  [SMTP RETRY 2] info@saputo.law: (550, b'550 5.7.1 Access denied')
  [SMTP FAILED] info@saputo.law after 3 attempts: (550, b'550 5.7.1 Access denied')
  [BOUNCE] info@saputo.law classified as hard

HOT_LEAD pitch due: 3  Sent: 0

Revive candidates (contacted, no audit): 0

Recycle candidates (pitch_sent, no payment): 20

============================================================
Due: 3  Sent: 0  delivered
followup_sequence.py (LIVE) — 2026-07-06 06:17 UTC
============================================================

Audit leads: 4

Cold-only leads: 101
  [skip bounced] info@brookerlaw.com
  [skip bounced] info@magnolia-club.org
  [skip bounced] info@saputo.law

HOT_LEAD pitch due: 0  Sent: 0

Revive candidates (contacted, no audit): 101
  [revive] hello@theogeo.ai (theogeo.ai) age=7.5d
  [SMTP RETRY 1] hello@theogeo.ai: (550, b'550 5.7.1 Access denied')
  [SMTP RETRY 2] hello@theogeo.ai: (550, b'550 5.7.1 Access denied')
  [SMTP FAILED] hello@theogeo.ai after 3 attempts: (550, b'550 5.7.1 Access denied')
  [BOUNCE] hello@theogeo.ai classified as hard
  [revive] hello@northcoast.dev (northcoast.dev) age=7.0d
  [revive] hello@postclaw.io (postclaw.io) age=7.0d
  [SMTP RETRY 1] hello@postclaw.io: (550, b'550 5.7.1 Access denied')
  [SMTP RETRY 2] hello@postclaw.io: (550, b'550 5.7.1 Access denied')
  [SMTP FAILED] hello@postclaw.io after 3 attempts: (550, b'550 5.7.1 Access denied')
  [BOUNCE] hello@postclaw.io classified as hard

Recycle candidates (pitch_sent, no payment): 20

============================================================
Due: 3  Sent: 1  delivered
followup_sequence.py (LIVE) — 2026-07-06 12:17 UTC
============================================================

Audit leads: 9

Cold-only leads: 101
  [skip bounced] info@brookerlaw.com
  [skip bounced] info@magnolia-club.org
  [skip bounced] info@saputo.law

HOT_LEAD pitch due: 0  Sent: 0

Revive candidates (contacted, no audit): 101

Recycle candidates (pitch_sent, no payment): 21

============================================================
Due: 0  Sent: 0  delivered
followup_sequence.py (LIVE) — 2026-07-06 18:17 UTC
============================================================

Audit leads: 10

Cold-only leads: 101
  [skip bounced] info@brookerlaw.com
  [skip bounced] info@magnolia-club.org
  [skip bounced] info@saputo.law

HOT_LEAD pitch due: 0  Sent: 0

Revive candidates (contacted, no audit): 101

Recycle candidates (pitch_sent, no payment): 21

============================================================
Due: 0  Sent: 0  delivered
